23-12-2015 10:28:52.117 - INFO : Resultaat voor :Array
(
    [voorletters] => Array
        (
            [scope] => 2
            [type] => 10
            [mandatory] => 1
            [result] => 1
        )

    [voornaam] => Array
        (
            [scope] => 2
            [type] => 10
            [mandatory] => 
            [result] => 1
        )

    [tussenvoegsel] => Array
        (
            [scope] => 2
            [type] => 10
            [mandatory] => 
            [result] => 1
        )

    [achternaam] => Array
        (
            [scope] => 2
            [type] => 10
            [mandatory] => 1
            [result] => 1
        )

    [geslacht] => Array
        (
            [scope] => 2
            [type] => 10
            [mandatory] => 1
            [result] => 1
        )

    [email] => Array
        (
            [scope] => 2
            [type] => 7
            [mandatory] => 1
            [result] => 1
        )

    [telefoon] => Array
        (
            [scope] => 2
            [type] => 11
            [mandatory] => 
            [result] => 1
        )

    [rekening] => Array
        (
            [scope] => 2
            [type] => 3
            [mandatory] => 1
            [result] => 2
        )

    [straat] => Array
        (
            [scope] => 2
            [type] => 9
            [mandatory] => 1
            [result] => 1
        )

    [huisnr] => Array
        (
            [scope] => 2
            [type] => 3
            [mandatory] => 1
            [result] => 2
        )

    [huisnrextra] => Array
        (
            [scope] => 2
            [type] => 9
            [mandatory] => 
            [result] => 1
        )

    [postcode] => Array
        (
            [scope] => 2
            [type] => 8
            [mandatory] => 1
            [result] => 1
        )

    [woonplaats] => Array
        (
            [scope] => 2
            [type] => 10
            [mandatory] => 1
            [result] => 1
        )

)

23-12-2015 10:30:31.864 - INFO : Resultaat voor :Array
(
    [voorletters] => Array
        (
            [scope] => 2
            [type] => 10
            [mandatory] => 1
            [result] => 1
        )

    [voornaam] => Array
        (
            [scope] => 2
            [type] => 10
            [mandatory] => 
            [result] => 1
        )

    [tussenvoegsel] => Array
        (
            [scope] => 2
            [type] => 10
            [mandatory] => 
            [result] => 1
        )

    [achternaam] => Array
        (
            [scope] => 2
            [type] => 10
            [mandatory] => 1
            [result] => 1
        )

    [geslacht] => Array
        (
            [scope] => 2
            [type] => 10
            [mandatory] => 1
            [result] => 1
        )

    [email] => Array
        (
            [scope] => 2
            [type] => 7
            [mandatory] => 1
            [result] => 1
        )

    [telefoon] => Array
        (
            [scope] => 2
            [type] => 11
            [mandatory] => 
            [result] => 1
        )

    [rekening] => Array
        (
            [scope] => 2
            [type] => 3
            [mandatory] => 1
            [result] => 2
        )

    [straat] => Array
        (
            [scope] => 2
            [type] => 9
            [mandatory] => 1
            [result] => 1
        )

    [huisnr] => Array
        (
            [scope] => 2
            [type] => 3
            [mandatory] => 1
            [result] => 2
        )

    [huisnrextra] => Array
        (
            [scope] => 2
            [type] => 9
            [mandatory] => 
            [result] => 1
        )

    [postcode] => Array
        (
            [scope] => 2
            [type] => 8
            [mandatory] => 1
            [result] => 1
        )

    [woonplaats] => Array
        (
            [scope] => 2
            [type] => 10
            [mandatory] => 1
            [result] => 1
        )

)

