22-12-2015 12:29:39 - [WebshopException] : SQLSTATE[HY000] [1049] Unknown database 'webshop-oop' in C:\xampp\htdocs\php5\deelII\webside\webshop-oop\classes\backend\CategorieLijst.class.php (53)
\t#0 C:\xampp\htdocs\php5\deelII\webside\webshop-oop\classes\frontend\Homepage.class.php(48): CategorieLijst->genereer()
#1 C:\xampp\htdocs\php5\deelII\webside\webshop-oop\classes\Controller.class.php(80): Homepage->bouwScherm()
#2 C:\xampp\htdocs\php5\deelII\webside\webshop-oop\index.php(22): Controller->handlePagina()
#3 {main}
22-12-2015 13:26:23 - [WebshopException] : SQLSTATE[HY000] [1049] Unknown database 'webshop-oop' in C:\xampp\htdocs\php5\deelII\webside\webshop-oop\classes\backend\CategorieLijst.class.php (53)
\t#0 C:\xampp\htdocs\php5\deelII\webside\webshop-oop\classes\frontend\Homepage.class.php(48): CategorieLijst->genereer()
#1 C:\xampp\htdocs\php5\deelII\webside\webshop-oop\classes\Controller.class.php(80): Homepage->bouwScherm()
#2 C:\xampp\htdocs\php5\deelII\webside\webshop-oop\index.php(22): Controller->handlePagina()
#3 {main}
23-12-2015 11:54:01 - [IllegalValueException] : fout artikel id in C:\xampp\htdocs\php5\deelII\webside\webshop-oop\classes\frontend\ArtikelDetailScherm.class.php (41)
\t#0 C:\xampp\htdocs\php5\deelII\webside\webshop-oop\classes\Controller.class.php(78): ArtikelDetailScherm->handlePagina()
#1 C:\xampp\htdocs\php5\deelII\webside\webshop-oop\index.php(22): Controller->handlePagina()
#2 {main}
23-12-2015 14:23:27 - [InvalidTypeException] : Ongeldige pagina in C:\xampp\htdocs\php5\deelII\webside\webshop-oop\classes\frontend\SchermFactory.class.php (88)
\t#0 C:\xampp\htdocs\php5\deelII\webside\webshop-oop\classes\frontend\PubliekMenu.class.php(39): SchermFactory::genereerLink(10)
#1 C:\xampp\htdocs\php5\deelII\webside\webshop-oop\classes\frontend\Menu.class.php(36): PubliekMenu->genereerMenu()
#2 C:\xampp\htdocs\php5\deelII\webside\webshop-oop\classes\frontend\PubliekMenu.class.php(34): Menu->__construct('Publiek')
#3 C:\xampp\htdocs\php5\deelII\webside\webshop-oop\classes\frontend\MenuFactory.class.php(42): PubliekMenu->__construct()
#4 C:\xampp\htdocs\php5\deelII\webside\webshop-oop\classes\frontend\Scherm.class.php(55): MenuFactory::genereerMenuObject(3)
#5 C:\xampp\htdocs\php5\deelII\webside\webshop-oop\classes\frontend\ErrorScherm.class.php(21): Scherm->__construct('Webshop error', Array)
#6 C:\xampp\htdocs\php5\deelII\webside\webshop-oop\classes\frontend\SchermFactory.class.php(63): ErrorScherm->__construct()
#7 C:\xampp\htdocs\php5\deelII\webside\webshop-oop\classes\Controller.class.php(61): SchermFactory::genereerSchermObject(0)
#8 C:\xampp\htdocs\php5\deelII\webside\webshop-oop\index.php(22): Controller->handlePagina()
#9 {main}
23-12-2015 14:23:53 - [InvalidTypeException] : Ongeldige pagina in C:\xampp\htdocs\php5\deelII\webside\webshop-oop\classes\frontend\SchermFactory.class.php (88)
\t#0 C:\xampp\htdocs\php5\deelII\webside\webshop-oop\classes\frontend\PubliekMenu.class.php(39): SchermFactory::genereerLink(10)
#1 C:\xampp\htdocs\php5\deelII\webside\webshop-oop\classes\frontend\Menu.class.php(36): PubliekMenu->genereerMenu()
#2 C:\xampp\htdocs\php5\deelII\webside\webshop-oop\classes\frontend\PubliekMenu.class.php(34): Menu->__construct('Publiek')
#3 C:\xampp\htdocs\php5\deelII\webside\webshop-oop\classes\frontend\MenuFactory.class.php(42): PubliekMenu->__construct()
#4 C:\xampp\htdocs\php5\deelII\webside\webshop-oop\classes\frontend\Scherm.class.php(55): MenuFactory::genereerMenuObject(3)
#5 C:\xampp\htdocs\php5\deelII\webside\webshop-oop\classes\frontend\ErrorScherm.class.php(21): Scherm->__construct('Webshop error', Array)
#6 C:\xampp\htdocs\php5\deelII\webside\webshop-oop\classes\frontend\SchermFactory.class.php(63): ErrorScherm->__construct()
#7 C:\xampp\htdocs\php5\deelII\webside\webshop-oop\classes\Controller.class.php(61): SchermFactory::genereerSchermObject(0)
#8 C:\xampp\htdocs\php5\deelII\webside\webshop-oop\index.php(22): Controller->handlePagina()
#9 {main}
23-12-2015 18:18:36 - [InvalidTypeException] : Ongeldige pagina in C:\xampp\htdocs\php5\deelII\webside\webshop-oop\classes\frontend\SchermFactory.class.php (88)
\t#0 C:\xampp\htdocs\php5\deelII\webside\webshop-oop\classes\frontend\PubliekMenu.class.php(39): SchermFactory::genereerLink(10)
#1 C:\xampp\htdocs\php5\deelII\webside\webshop-oop\classes\frontend\Menu.class.php(36): PubliekMenu->genereerMenu()
#2 C:\xampp\htdocs\php5\deelII\webside\webshop-oop\classes\frontend\PubliekMenu.class.php(34): Menu->__construct('Publiek')
#3 C:\xampp\htdocs\php5\deelII\webside\webshop-oop\classes\frontend\MenuFactory.class.php(42): PubliekMenu->__construct()
#4 C:\xampp\htdocs\php5\deelII\webside\webshop-oop\classes\frontend\Scherm.class.php(55): MenuFactory::genereerMenuObject(3)
#5 C:\xampp\htdocs\php5\deelII\webside\webshop-oop\classes\frontend\ErrorScherm.class.php(21): Scherm->__construct('Webshop error', Array)
#6 C:\xampp\htdocs\php5\deelII\webside\webshop-oop\classes\frontend\SchermFactory.class.php(63): ErrorScherm->__construct()
#7 C:\xampp\htdocs\php5\deelII\webside\webshop-oop\classes\Controller.class.php(61): SchermFactory::genereerSchermObject(0)
#8 C:\xampp\htdocs\php5\deelII\webside\webshop-oop\index.php(22): Controller->handlePagina()
#9 {main}
23-12-2015 18:20:55 - [InvalidTypeException] : Ongeldige pagina in C:\xampp\htdocs\php5\deelII\webside\webshop-oop\classes\frontend\SchermFactory.class.php (88)
\t#0 C:\xampp\htdocs\php5\deelII\webside\webshop-oop\classes\frontend\PubliekMenu.class.php(39): SchermFactory::genereerLink(10)
#1 C:\xampp\htdocs\php5\deelII\webside\webshop-oop\classes\frontend\Menu.class.php(36): PubliekMenu->genereerMenu()
#2 C:\xampp\htdocs\php5\deelII\webside\webshop-oop\classes\frontend\PubliekMenu.class.php(34): Menu->__construct('Publiek')
#3 C:\xampp\htdocs\php5\deelII\webside\webshop-oop\classes\frontend\MenuFactory.class.php(42): PubliekMenu->__construct()
#4 C:\xampp\htdocs\php5\deelII\webside\webshop-oop\classes\frontend\Scherm.class.php(55): MenuFactory::genereerMenuObject(3)
#5 C:\xampp\htdocs\php5\deelII\webside\webshop-oop\classes\frontend\ErrorScherm.class.php(21): Scherm->__construct('Webshop error', Array)
#6 C:\xampp\htdocs\php5\deelII\webside\webshop-oop\classes\frontend\SchermFactory.class.php(63): ErrorScherm->__construct()
#7 C:\xampp\htdocs\php5\deelII\webside\webshop-oop\classes\Controller.class.php(61): SchermFactory::genereerSchermObject(0)
#8 C:\xampp\htdocs\php5\deelII\webside\webshop-oop\index.php(22): Controller->handlePagina()
#9 {main}
24-12-2015 14:21:50 - [InvalidTypeException] : Ongeldige pagina in C:\xampp\htdocs\php5\deelII\webside\webshop-oop\classes\frontend\SchermFactory.class.php (124)
\t#0 C:\xampp\htdocs\php5\deelII\webside\webshop-oop\classes\frontend\AdministratieMenu.class.php(30): SchermFactory::genereerLink(20)
#1 C:\xampp\htdocs\php5\deelII\webside\webshop-oop\classes\frontend\Menu.class.php(36): AdministratieMenu->genereerMenu()
#2 C:\xampp\htdocs\php5\deelII\webside\webshop-oop\classes\frontend\AdministratieMenu.class.php(18): Menu->__construct('Administratie')
#3 C:\xampp\htdocs\php5\deelII\webside\webshop-oop\classes\frontend\MenuFactory.class.php(36): AdministratieMenu->__construct()
#4 C:\xampp\htdocs\php5\deelII\webside\webshop-oop\classes\frontend\Scherm.class.php(50): MenuFactory::genereerMenuObject(1)
#5 C:\xampp\htdocs\php5\deelII\webside\webshop-oop\classes\frontend\ErrorScherm.class.php(21): Scherm->__construct('Webshop error', Array)
#6 C:\xampp\htdocs\php5\deelII\webside\webshop-oop\classes\frontend\SchermFactory.class.php(92): ErrorScherm->__construct()
#7 C:\xampp\htdocs\php5\deelII\webside\webshop-oop\classes\frontend\InlogScherm.class.php(74): SchermFactory::genereerSchermObject(1)
#8 C:\xampp\htdocs\php5\deelII\webside\webshop-oop\classes\Controller.class.php(65): InlogScherm->handlePagina()
#9 C:\xampp\htdocs\php5\deelII\webside\webshop-oop\index.php(22): Controller->handlePagina()
#10 {main}
24-12-2015 14:27:29 - [InvalidTypeException] : Ongeldige pagina in C:\xampp\htdocs\php5\deelII\webside\webshop-oop\classes\frontend\SchermFactory.class.php (124)
\t#0 C:\xampp\htdocs\php5\deelII\webside\webshop-oop\classes\frontend\AdministratieMenu.class.php(30): SchermFactory::genereerLink(20)
#1 C:\xampp\htdocs\php5\deelII\webside\webshop-oop\classes\frontend\Menu.class.php(36): AdministratieMenu->genereerMenu()
#2 C:\xampp\htdocs\php5\deelII\webside\webshop-oop\classes\frontend\AdministratieMenu.class.php(18): Menu->__construct('Administratie')
#3 C:\xampp\htdocs\php5\deelII\webside\webshop-oop\classes\frontend\MenuFactory.class.php(36): AdministratieMenu->__construct()
#4 C:\xampp\htdocs\php5\deelII\webside\webshop-oop\classes\frontend\Scherm.class.php(50): MenuFactory::genereerMenuObject(1)
#5 C:\xampp\htdocs\php5\deelII\webside\webshop-oop\classes\frontend\ErrorScherm.class.php(21): Scherm->__construct('Webshop error', Array)
#6 C:\xampp\htdocs\php5\deelII\webside\webshop-oop\classes\frontend\SchermFactory.class.php(92): ErrorScherm->__construct()
#7 C:\xampp\htdocs\php5\deelII\webside\webshop-oop\classes\frontend\InlogScherm.class.php(74): SchermFactory::genereerSchermObject(1)
#8 C:\xampp\htdocs\php5\deelII\webside\webshop-oop\classes\Controller.class.php(65): InlogScherm->handlePagina()
#9 C:\xampp\htdocs\php5\deelII\webside\webshop-oop\index.php(22): Controller->handlePagina()
#10 {main}
24-12-2015 14:34:02 - [InvalidTypeException] : Ongeldige pagina in C:\xampp\htdocs\php5\deelII\webside\webshop-oop\classes\frontend\SchermFactory.class.php (124)
\t#0 C:\xampp\htdocs\php5\deelII\webside\webshop-oop\classes\frontend\AdministratieMenu.class.php(30): SchermFactory::genereerLink(20)
#1 C:\xampp\htdocs\php5\deelII\webside\webshop-oop\classes\frontend\Menu.class.php(36): AdministratieMenu->genereerMenu()
#2 C:\xampp\htdocs\php5\deelII\webside\webshop-oop\classes\frontend\AdministratieMenu.class.php(18): Menu->__construct('Administratie')
#3 C:\xampp\htdocs\php5\deelII\webside\webshop-oop\classes\frontend\MenuFactory.class.php(36): AdministratieMenu->__construct()
#4 C:\xampp\htdocs\php5\deelII\webside\webshop-oop\classes\frontend\Scherm.class.php(50): MenuFactory::genereerMenuObject(1)
#5 C:\xampp\htdocs\php5\deelII\webside\webshop-oop\classes\frontend\ErrorScherm.class.php(21): Scherm->__construct('Webshop error', Array)
#6 C:\xampp\htdocs\php5\deelII\webside\webshop-oop\classes\frontend\SchermFactory.class.php(92): ErrorScherm->__construct()
#7 C:\xampp\htdocs\php5\deelII\webside\webshop-oop\classes\frontend\InlogScherm.class.php(74): SchermFactory::genereerSchermObject(1)
#8 C:\xampp\htdocs\php5\deelII\webside\webshop-oop\classes\Controller.class.php(65): InlogScherm->handlePagina()
#9 C:\xampp\htdocs\php5\deelII\webside\webshop-oop\index.php(22): Controller->handlePagina()
#10 {main}
24-12-2015 14:37:08 - [InvalidTypeException] : Ongeldige pagina in C:\xampp\htdocs\php5\deelII\webside\webshop-oop\classes\frontend\SchermFactory.class.php (126)
\t#0 C:\xampp\htdocs\php5\deelII\webside\webshop-oop\classes\frontend\AdministratieMenu.class.php(30): SchermFactory::genereerLink(20)
#1 C:\xampp\htdocs\php5\deelII\webside\webshop-oop\classes\frontend\Menu.class.php(36): AdministratieMenu->genereerMenu()
#2 C:\xampp\htdocs\php5\deelII\webside\webshop-oop\classes\frontend\AdministratieMenu.class.php(18): Menu->__construct('Administratie')
#3 C:\xampp\htdocs\php5\deelII\webside\webshop-oop\classes\frontend\MenuFactory.class.php(36): AdministratieMenu->__construct()
#4 C:\xampp\htdocs\php5\deelII\webside\webshop-oop\classes\frontend\Scherm.class.php(50): MenuFactory::genereerMenuObject(1)
#5 C:\xampp\htdocs\php5\deelII\webside\webshop-oop\classes\frontend\ErrorScherm.class.php(21): Scherm->__construct('Webshop error', Array)
#6 C:\xampp\htdocs\php5\deelII\webside\webshop-oop\classes\frontend\SchermFactory.class.php(94): ErrorScherm->__construct()
#7 C:\xampp\htdocs\php5\deelII\webside\webshop-oop\classes\frontend\InlogScherm.class.php(74): SchermFactory::genereerSchermObject(1)
#8 C:\xampp\htdocs\php5\deelII\webside\webshop-oop\classes\Controller.class.php(65): InlogScherm->handlePagina()
#9 C:\xampp\htdocs\php5\deelII\webside\webshop-oop\index.php(22): Controller->handlePagina()
#10 {main}
24-12-2015 16:04:57 - [InvalidTypeException] : Ongeldige pagina in C:\xampp\htdocs\php5\deelII\webside\webshop-oop\classes\frontend\SchermFactory.class.php (126)
\t#0 C:\xampp\htdocs\php5\deelII\webside\webshop-oop\classes\frontend\AdministratieMenu.class.php(30): SchermFactory::genereerLink(20)
#1 C:\xampp\htdocs\php5\deelII\webside\webshop-oop\classes\frontend\Menu.class.php(36): AdministratieMenu->genereerMenu()
#2 C:\xampp\htdocs\php5\deelII\webside\webshop-oop\classes\frontend\AdministratieMenu.class.php(18): Menu->__construct('Administratie')
#3 C:\xampp\htdocs\php5\deelII\webside\webshop-oop\classes\frontend\MenuFactory.class.php(36): AdministratieMenu->__construct()
#4 C:\xampp\htdocs\php5\deelII\webside\webshop-oop\classes\frontend\Scherm.class.php(54): MenuFactory::genereerMenuObject(1)
#5 C:\xampp\htdocs\php5\deelII\webside\webshop-oop\classes\frontend\ErrorScherm.class.php(21): Scherm->__construct('Webshop error', Array)
#6 C:\xampp\htdocs\php5\deelII\webside\webshop-oop\classes\frontend\SchermFactory.class.php(94): ErrorScherm->__construct()
#7 C:\xampp\htdocs\php5\deelII\webside\webshop-oop\classes\frontend\InlogScherm.class.php(74): SchermFactory::genereerSchermObject(1)
#8 C:\xampp\htdocs\php5\deelII\webside\webshop-oop\classes\Controller.class.php(65): InlogScherm->handlePagina()
#9 C:\xampp\htdocs\php5\deelII\webside\webshop-oop\index.php(22): Controller->handlePagina()
#10 {main}
24-12-2015 16:18:46 - [InvalidTypeException] : Ongeldige pagina in C:\xampp\htdocs\php5\deelII\webside\webshop-oop\classes\frontend\SchermFactory.class.php (126)
\t#0 C:\xampp\htdocs\php5\deelII\webside\webshop-oop\classes\frontend\AdministratieMenu.class.php(31): SchermFactory::genereerLink(20)
#1 C:\xampp\htdocs\php5\deelII\webside\webshop-oop\classes\frontend\Menu.class.php(36): AdministratieMenu->genereerMenu()
#2 C:\xampp\htdocs\php5\deelII\webside\webshop-oop\classes\frontend\AdministratieMenu.class.php(18): Menu->__construct('Administratie')
#3 C:\xampp\htdocs\php5\deelII\webside\webshop-oop\classes\frontend\MenuFactory.class.php(36): AdministratieMenu->__construct()
#4 C:\xampp\htdocs\php5\deelII\webside\webshop-oop\classes\frontend\Scherm.class.php(54): MenuFactory::genereerMenuObject(1)
#5 C:\xampp\htdocs\php5\deelII\webside\webshop-oop\classes\frontend\ErrorScherm.class.php(21): Scherm->__construct('Webshop error', Array)
#6 C:\xampp\htdocs\php5\deelII\webside\webshop-oop\classes\frontend\SchermFactory.class.php(94): ErrorScherm->__construct()
#7 C:\xampp\htdocs\php5\deelII\webside\webshop-oop\classes\frontend\InlogScherm.class.php(74): SchermFactory::genereerSchermObject(1)
#8 C:\xampp\htdocs\php5\deelII\webside\webshop-oop\classes\Controller.class.php(65): InlogScherm->handlePagina()
#9 C:\xampp\htdocs\php5\deelII\webside\webshop-oop\index.php(22): Controller->handlePagina()
#10 {main}
14-01-2016 15:00:13 - [WebsiteException] : Gebruiker object bestaat niet in C:\xampp\htdocs\bcrianto-mvc\classes\Front-End\InlogScherm.class.php (25)
\t#0 C:\xampp\htdocs\bcrianto-mvc\classes\Controller.class.php(65): InlogScherm->handlePagina()
#1 C:\xampp\htdocs\bcrianto-mvc\index.php(16): Controller->handlePagina()
#2 {main}
14-01-2016 15:01:15 - [WebsiteException] : Gebruiker object bestaat niet in C:\xampp\htdocs\bcrianto-mvc\classes\Front-End\InlogScherm.class.php (25)
\t#0 C:\xampp\htdocs\bcrianto-mvc\classes\Controller.class.php(65): InlogScherm->handlePagina()
#1 C:\xampp\htdocs\bcrianto-mvc\index.php(16): Controller->handlePagina()
#2 {main}
14-01-2016 15:02:55 - [WebsiteException] : Gebruiker object bestaat niet in C:\xampp\htdocs\bcrianto-mvc\classes\Front-End\InlogScherm.class.php (27)
\t#0 C:\xampp\htdocs\bcrianto-mvc\classes\Controller.class.php(65): InlogScherm->handlePagina()
#1 C:\xampp\htdocs\bcrianto-mvc\index.php(16): Controller->handlePagina()
#2 {main}
14-01-2016 15:04:31 - [WebsiteException] : Gebruiker object bestaat niet in C:\xampp\htdocs\bcrianto-mvc\classes\Front-End\InlogScherm.class.php (29)
\t#0 C:\xampp\htdocs\bcrianto-mvc\classes\Controller.class.php(65): InlogScherm->handlePagina()
#1 C:\xampp\htdocs\bcrianto-mvc\index.php(16): Controller->handlePagina()
#2 {main}
14-01-2016 15:16:16 - [WebsiteException] : Gebruiker object bestaat niet in C:\xampp\htdocs\bcrianto-mvc\classes\Front-End\InlogScherm.class.php (29)
\t#0 C:\xampp\htdocs\bcrianto-mvc\classes\Controller.class.php(65): InlogScherm->handlePagina()
#1 C:\xampp\htdocs\bcrianto-mvc\index.php(16): Controller->handlePagina()
#2 {main}
14-01-2016 15:27:04 - [WebsiteException] : Gebruiker object bestaat niet in C:\xampp\htdocs\bcrianto-mvc\classes\Front-End\InlogScherm.class.php (29)
\t#0 C:\xampp\htdocs\bcrianto-mvc\classes\Controller.class.php(65): InlogScherm->handlePagina()
#1 C:\xampp\htdocs\bcrianto-mvc\index.php(16): Controller->handlePagina()
#2 {main}
14-01-2016 15:27:56 - [WebsiteException] : Gebruiker object bestaat niet in C:\xampp\htdocs\bcrianto-mvc\classes\Front-End\InlogScherm.class.php (29)
\t#0 C:\xampp\htdocs\bcrianto-mvc\classes\Controller.class.php(65): InlogScherm->handlePagina()
#1 C:\xampp\htdocs\bcrianto-mvc\index.php(16): Controller->handlePagina()
#2 {main}
15-01-2016 14:33:35 - [InvalidTypeException] : Ongeldige pagina in C:\xampp\htdocs\bcrianto-mvc\classes\Front-End\SchermGenerator.class.php (180)
\t#0 C:\xampp\htdocs\bcrianto-mvc\classes\Front-End\AdministratieMenu.class.php(33): SchermGenerator::genereerLink(4)
#1 C:\xampp\htdocs\bcrianto-mvc\classes\Front-End\Menu.class.php(21): AdministratieMenu->genereerMenu()
#2 C:\xampp\htdocs\bcrianto-mvc\classes\Front-End\AdministratieMenu.class.php(18): Menu->__construct('Administratie')
#3 C:\xampp\htdocs\bcrianto-mvc\classes\Front-End\MenuGenerator.class.php(29): AdministratieMenu->__construct()
#4 C:\xampp\htdocs\bcrianto-mvc\classes\Front-End\Scherm.class.php(54): MenuGenerator::genereerMenuObject(3)
#5 C:\xampp\htdocs\bcrianto-mvc\classes\Front-End\ErrorScherm.class.php(21): Scherm->__construct('Webshop error', Array)
#6 C:\xampp\htdocs\bcrianto-mvc\classes\Front-End\SchermGenerator.class.php(135): ErrorScherm->__construct()
#7 C:\xampp\htdocs\bcrianto-mvc\classes\Controller.class.php(61): SchermGenerator::genereerSchermObject(0)
#8 C:\xampp\htdocs\bcrianto-mvc\index.php(16): Controller->handlePagina()
#9 {main}
15-01-2016 14:50:58 - [InvalidTypeException] : Ongeldige pagina in C:\xampp\htdocs\bcrianto-mvc\classes\Front-End\SchermGenerator.class.php (180)
\t#0 C:\xampp\htdocs\bcrianto-mvc\classes\Front-End\AdministratieMenu.class.php(33): SchermGenerator::genereerLink(4)
#1 C:\xampp\htdocs\bcrianto-mvc\classes\Front-End\Menu.class.php(21): AdministratieMenu->genereerMenu()
#2 C:\xampp\htdocs\bcrianto-mvc\classes\Front-End\AdministratieMenu.class.php(18): Menu->__construct('Administratie')
#3 C:\xampp\htdocs\bcrianto-mvc\classes\Front-End\MenuGenerator.class.php(29): AdministratieMenu->__construct()
#4 C:\xampp\htdocs\bcrianto-mvc\classes\Front-End\Scherm.class.php(54): MenuGenerator::genereerMenuObject(3)
#5 C:\xampp\htdocs\bcrianto-mvc\classes\Front-End\ErrorScherm.class.php(21): Scherm->__construct('Webshop error', Array)
#6 C:\xampp\htdocs\bcrianto-mvc\classes\Front-End\SchermGenerator.class.php(135): ErrorScherm->__construct()
#7 C:\xampp\htdocs\bcrianto-mvc\classes\Controller.class.php(61): SchermGenerator::genereerSchermObject(0)
#8 C:\xampp\htdocs\bcrianto-mvc\index.php(16): Controller->handlePagina()
#9 {main}
15-01-2016 14:51:18 - [InvalidTypeException] : Ongeldige pagina in C:\xampp\htdocs\bcrianto-mvc\classes\Front-End\SchermGenerator.class.php (180)
\t#0 C:\xampp\htdocs\bcrianto-mvc\classes\Front-End\AdministratieMenu.class.php(33): SchermGenerator::genereerLink(4)
#1 C:\xampp\htdocs\bcrianto-mvc\classes\Front-End\Menu.class.php(21): AdministratieMenu->genereerMenu()
#2 C:\xampp\htdocs\bcrianto-mvc\classes\Front-End\AdministratieMenu.class.php(18): Menu->__construct('Administratie')
#3 C:\xampp\htdocs\bcrianto-mvc\classes\Front-End\MenuGenerator.class.php(29): AdministratieMenu->__construct()
#4 C:\xampp\htdocs\bcrianto-mvc\classes\Front-End\Scherm.class.php(54): MenuGenerator::genereerMenuObject(3)
#5 C:\xampp\htdocs\bcrianto-mvc\classes\Front-End\ErrorScherm.class.php(21): Scherm->__construct('Webshop error', Array)
#6 C:\xampp\htdocs\bcrianto-mvc\classes\Front-End\SchermGenerator.class.php(135): ErrorScherm->__construct()
#7 C:\xampp\htdocs\bcrianto-mvc\classes\Controller.class.php(61): SchermGenerator::genereerSchermObject(0)
#8 C:\xampp\htdocs\bcrianto-mvc\index.php(16): Controller->handlePagina()
#9 {main}
15-01-2016 14:53:26 - [InvalidTypeException] : Ongeldige pagina in C:\xampp\htdocs\bcrianto-mvc\classes\Front-End\SchermGenerator.class.php (180)
\t#0 C:\xampp\htdocs\bcrianto-mvc\classes\Front-End\AdministratieMenu.class.php(33): SchermGenerator::genereerLink(4)
#1 C:\xampp\htdocs\bcrianto-mvc\classes\Front-End\Menu.class.php(21): AdministratieMenu->genereerMenu()
#2 C:\xampp\htdocs\bcrianto-mvc\classes\Front-End\AdministratieMenu.class.php(18): Menu->__construct('Administratie')
#3 C:\xampp\htdocs\bcrianto-mvc\classes\Front-End\MenuGenerator.class.php(29): AdministratieMenu->__construct()
#4 C:\xampp\htdocs\bcrianto-mvc\classes\Front-End\Scherm.class.php(54): MenuGenerator::genereerMenuObject(3)
#5 C:\xampp\htdocs\bcrianto-mvc\classes\Front-End\ErrorScherm.class.php(21): Scherm->__construct('Webshop error', Array)
#6 C:\xampp\htdocs\bcrianto-mvc\classes\Front-End\SchermGenerator.class.php(135): ErrorScherm->__construct()
#7 C:\xampp\htdocs\bcrianto-mvc\classes\Controller.class.php(61): SchermGenerator::genereerSchermObject(0)
#8 C:\xampp\htdocs\bcrianto-mvc\index.php(16): Controller->handlePagina()
#9 {main}
15-01-2016 14:55:55 - [InvalidTypeException] : Ongeldige pagina in C:\xampp\htdocs\bcrianto-mvc\classes\Front-End\SchermGenerator.class.php (180)
\t#0 C:\xampp\htdocs\bcrianto-mvc\classes\Front-End\AdministratieMenu.class.php(33): SchermGenerator::genereerLink(4)
#1 C:\xampp\htdocs\bcrianto-mvc\classes\Front-End\Menu.class.php(21): AdministratieMenu->genereerMenu()
#2 C:\xampp\htdocs\bcrianto-mvc\classes\Front-End\AdministratieMenu.class.php(18): Menu->__construct('Administratie')
#3 C:\xampp\htdocs\bcrianto-mvc\classes\Front-End\MenuGenerator.class.php(29): AdministratieMenu->__construct()
#4 C:\xampp\htdocs\bcrianto-mvc\classes\Front-End\Scherm.class.php(54): MenuGenerator::genereerMenuObject(3)
#5 C:\xampp\htdocs\bcrianto-mvc\classes\Front-End\ErrorScherm.class.php(21): Scherm->__construct('Webshop error', Array)
#6 C:\xampp\htdocs\bcrianto-mvc\classes\Front-End\SchermGenerator.class.php(135): ErrorScherm->__construct()
#7 C:\xampp\htdocs\bcrianto-mvc\classes\Controller.class.php(61): SchermGenerator::genereerSchermObject(0)
#8 C:\xampp\htdocs\bcrianto-mvc\index.php(16): Controller->handlePagina()
#9 {main}
15-01-2016 14:59:32 - [InvalidTypeException] : Ongeldige pagina in C:\xampp\htdocs\bcrianto-mvc\classes\Front-End\SchermGenerator.class.php (180)
\t#0 C:\xampp\htdocs\bcrianto-mvc\classes\Front-End\AdministratieMenu.class.php(33): SchermGenerator::genereerLink(4)
#1 C:\xampp\htdocs\bcrianto-mvc\classes\Front-End\Menu.class.php(21): AdministratieMenu->genereerMenu()
#2 C:\xampp\htdocs\bcrianto-mvc\classes\Front-End\AdministratieMenu.class.php(18): Menu->__construct('Administratie')
#3 C:\xampp\htdocs\bcrianto-mvc\classes\Front-End\MenuGenerator.class.php(29): AdministratieMenu->__construct()
#4 C:\xampp\htdocs\bcrianto-mvc\classes\Front-End\Scherm.class.php(54): MenuGenerator::genereerMenuObject(3)
#5 C:\xampp\htdocs\bcrianto-mvc\classes\Front-End\ErrorScherm.class.php(21): Scherm->__construct('Webshop error', Array)
#6 C:\xampp\htdocs\bcrianto-mvc\classes\Front-End\SchermGenerator.class.php(135): ErrorScherm->__construct()
#7 C:\xampp\htdocs\bcrianto-mvc\classes\Controller.class.php(61): SchermGenerator::genereerSchermObject(0)
#8 C:\xampp\htdocs\bcrianto-mvc\index.php(16): Controller->handlePagina()
#9 {main}
15-01-2016 17:15:42 - [InvalidPropertyException] : p_sLidNummer in C:\xampp\htdocs\bcrianto-mvc\classes\Back-End\Persoon.class.php (153)
\t#0 C:\xampp\htdocs\bcrianto-mvc\classes\Gebruiker.class.php(240): Persoon->__get('p_sLidNummer')
#1 C:\xampp\htdocs\bcrianto-mvc\classes\Gebruiker.class.php(102): Gebruiker->__get('p_sLidNummer')
#2 C:\xampp\htdocs\bcrianto-mvc\classes\Front-End\InlogScherm.class.php(34): Gebruiker->login('BCRiantoLid', 'BCRianto')
#3 C:\xampp\htdocs\bcrianto-mvc\classes\Controller.class.php(65): InlogScherm->handlePagina()
#4 C:\xampp\htdocs\bcrianto-mvc\index.php(16): Controller->handlePagina()
#5 {main}
15-01-2016 17:23:15 - [InvalidPropertyException] : p_sLidNummer in C:\xampp\htdocs\bcrianto-mvc\classes\Back-End\Persoon.class.php (153)
\t#0 C:\xampp\htdocs\bcrianto-mvc\classes\Gebruiker.class.php(237): Persoon->__get('p_sLidNummer')
#1 C:\xampp\htdocs\bcrianto-mvc\classes\Gebruiker.class.php(98): Gebruiker->__get('p_sLidNummer')
#2 C:\xampp\htdocs\bcrianto-mvc\classes\Front-End\InlogScherm.class.php(34): Gebruiker->login('BCRiantoLid', 'BCRianto')
#3 C:\xampp\htdocs\bcrianto-mvc\classes\Controller.class.php(65): InlogScherm->handlePagina()
#4 C:\xampp\htdocs\bcrianto-mvc\index.php(16): Controller->handlePagina()
#5 {main}
15-01-2016 17:23:59 - [InvalidPropertyException] : p_sLidNummer in C:\xampp\htdocs\bcrianto-mvc\classes\Back-End\Persoon.class.php (153)
\t#0 C:\xampp\htdocs\bcrianto-mvc\classes\Gebruiker.class.php(237): Persoon->__get('p_sLidNummer')
#1 C:\xampp\htdocs\bcrianto-mvc\classes\Gebruiker.class.php(98): Gebruiker->__get('p_sLidNummer')
#2 C:\xampp\htdocs\bcrianto-mvc\classes\Front-End\InlogScherm.class.php(34): Gebruiker->login('BCRiantoLid', 'BCRianto')
#3 C:\xampp\htdocs\bcrianto-mvc\classes\Controller.class.php(65): InlogScherm->handlePagina()
#4 C:\xampp\htdocs\bcrianto-mvc\index.php(16): Controller->handlePagina()
#5 {main}
15-01-2016 17:25:11 - [InvalidPropertyException] : p_sLidNummer in C:\xampp\htdocs\bcrianto-mvc\classes\Back-End\Persoon.class.php (153)
\t#0 C:\xampp\htdocs\bcrianto-mvc\classes\Gebruiker.class.php(238): Persoon->__get('p_sLidNummer')
#1 C:\xampp\htdocs\bcrianto-mvc\classes\Gebruiker.class.php(99): Gebruiker->__get('p_sLidNummer')
#2 C:\xampp\htdocs\bcrianto-mvc\classes\Front-End\InlogScherm.class.php(34): Gebruiker->login('BCRiantoLid', 'BCRianto')
#3 C:\xampp\htdocs\bcrianto-mvc\classes\Controller.class.php(65): InlogScherm->handlePagina()
#4 C:\xampp\htdocs\bcrianto-mvc\index.php(16): Controller->handlePagina()
#5 {main}
15-01-2016 17:25:53 - [InvalidPropertyException] : p_sLidNummer in C:\xampp\htdocs\bcrianto-mvc\classes\Back-End\Persoon.class.php (117)
\t#0 C:\xampp\htdocs\bcrianto-mvc\classes\Gebruiker.class.php(216): Persoon->__set('p_sLidNummer', '1')
#1 C:\xampp\htdocs\bcrianto-mvc\classes\Gebruiker.class.php(99): Gebruiker->__set('p_sLidNummer', '1')
#2 C:\xampp\htdocs\bcrianto-mvc\classes\Front-End\InlogScherm.class.php(34): Gebruiker->login('BCRiantoLid', 'BCRianto')
#3 C:\xampp\htdocs\bcrianto-mvc\classes\Controller.class.php(65): InlogScherm->handlePagina()
#4 C:\xampp\htdocs\bcrianto-mvc\index.php(16): Controller->handlePagina()
#5 {main}
18-01-2016 11:11:04 - [InvalidPropertyException] : m_sGebruikerNaam in C:\xampp\htdocs\bcrianto-mvc\classes\Back-End\Persoon.class.php (117)
\t#0 C:\xampp\htdocs\bcrianto-mvc\classes\Gebruiker.class.php(212): Persoon->__set('m_sGebruikerNaa...', 'onbekend')
#1 C:\xampp\htdocs\bcrianto-mvc\classes\Gebruiker.class.php(147): Gebruiker->__set('m_sGebruikerNaa...', 'onbekend')
#2 C:\xampp\htdocs\bcrianto-mvc\classes\Gebruiker.class.php(134): Gebruiker->logout()
#3 C:\xampp\htdocs\bcrianto-mvc\classes\Front-End\InlogScherm.class.php(34): Gebruiker->login('BCRiantoLid', 'BCRianto')
#4 C:\xampp\htdocs\bcrianto-mvc\classes\Controller.class.php(65): InlogScherm->handlePagina()
#5 C:\xampp\htdocs\bcrianto-mvc\index.php(16): Controller->handlePagina()
#6 {main}
18-01-2016 14:14:02 - [InvalidPropertyException] : m_sGebruikerNaam in C:\xampp\htdocs\bcrianto-mvc\classes\Back-End\Persoon.class.php (117)
\t#0 C:\xampp\htdocs\bcrianto-mvc\classes\Gebruiker.class.php(174): Persoon->__set('m_sGebruikerNaa...', 'onbekend')
#1 C:\xampp\htdocs\bcrianto-mvc\classes\Gebruiker.class.php(109): Gebruiker->__set('m_sGebruikerNaa...', 'onbekend')
#2 C:\xampp\htdocs\bcrianto-mvc\classes\Front-End\UitlogScherm.class.php(32): Gebruiker->logout()
#3 C:\xampp\htdocs\bcrianto-mvc\classes\Controller.class.php(65): UitlogScherm->handlePagina()
#4 C:\xampp\htdocs\bcrianto-mvc\index.php(16): Controller->handlePagina()
#5 {main}
18-01-2016 14:17:58 - [InvalidPropertyException] : m_sGebruikerNaam in C:\xampp\htdocs\bcrianto-mvc\classes\Back-End\Persoon.class.php (117)
\t#0 C:\xampp\htdocs\bcrianto-mvc\classes\Gebruiker.class.php(175): Persoon->__set('m_sGebruikerNaa...', 'onbekend')
#1 C:\xampp\htdocs\bcrianto-mvc\classes\Gebruiker.class.php(109): Gebruiker->__set('m_sGebruikerNaa...', 'onbekend')
#2 C:\xampp\htdocs\bcrianto-mvc\classes\Front-End\UitlogScherm.class.php(32): Gebruiker->logout()
#3 C:\xampp\htdocs\bcrianto-mvc\classes\Controller.class.php(65): UitlogScherm->handlePagina()
#4 C:\xampp\htdocs\bcrianto-mvc\index.php(16): Controller->handlePagina()
#5 {main}
18-01-2016 14:49:11 - [OnvoldoendeRechtenException] : Pagina Onvoldoende rechten in C:\xampp\htdocs\bcrianto-mvc\classes\Front-End\Scherm.class.php (70)
\t#0 C:\xampp\htdocs\bcrianto-mvc\classes\Front-End\BezoekerScherm.class.php(21): Scherm->__construct('Onvoldoende rec...', Array)
#1 C:\xampp\htdocs\bcrianto-mvc\classes\Front-End\SchermGenerator.class.php(134): BezoekerScherm->__construct(0, 'Onvoldoende rec...')
#2 C:\xampp\htdocs\bcrianto-mvc\classes\Controller.class.php(61): SchermGenerator::genereerSchermObject(0)
#3 C:\xampp\htdocs\bcrianto-mvc\index.php(16): Controller->handlePagina()
#4 {main}
18-01-2016 14:54:17 - [OnvoldoendeRechtenException] : Pagina Onvoldoende rechten in C:\xampp\htdocs\bcrianto-mvc\classes\Front-End\Scherm.class.php (70)
\t#0 C:\xampp\htdocs\bcrianto-mvc\classes\Front-End\BezoekerScherm.class.php(21): Scherm->__construct('Onvoldoende rec...', Array)
#1 C:\xampp\htdocs\bcrianto-mvc\classes\Front-End\SchermGenerator.class.php(134): BezoekerScherm->__construct(0, 'Onvoldoende rec...')
#2 C:\xampp\htdocs\bcrianto-mvc\classes\Controller.class.php(61): SchermGenerator::genereerSchermObject(0)
#3 C:\xampp\htdocs\bcrianto-mvc\index.php(16): Controller->handlePagina()
#4 {main}
18-01-2016 14:56:48 - [OnvoldoendeRechtenException] : Pagina Onvoldoende rechten in C:\xampp\htdocs\bcrianto-mvc\classes\Front-End\Scherm.class.php (70)
\t#0 C:\xampp\htdocs\bcrianto-mvc\classes\Front-End\BezoekerScherm.class.php(21): Scherm->__construct('Onvoldoende rec...', Array)
#1 C:\xampp\htdocs\bcrianto-mvc\classes\Front-End\SchermGenerator.class.php(134): BezoekerScherm->__construct(0, 'Onvoldoende rec...')
#2 C:\xampp\htdocs\bcrianto-mvc\classes\Controller.class.php(61): SchermGenerator::genereerSchermObject(0)
#3 C:\xampp\htdocs\bcrianto-mvc\index.php(16): Controller->handlePagina()
#4 {main}
18-01-2016 14:57:06 - [OnvoldoendeRechtenException] : Pagina Onvoldoende rechten in C:\xampp\htdocs\bcrianto-mvc\classes\Front-End\Scherm.class.php (70)
\t#0 C:\xampp\htdocs\bcrianto-mvc\classes\Front-End\BezoekerScherm.class.php(21): Scherm->__construct('Onvoldoende rec...', Array)
#1 C:\xampp\htdocs\bcrianto-mvc\classes\Front-End\SchermGenerator.class.php(134): BezoekerScherm->__construct(0, 'Onvoldoende rec...')
#2 C:\xampp\htdocs\bcrianto-mvc\classes\Controller.class.php(61): SchermGenerator::genereerSchermObject(0)
#3 C:\xampp\htdocs\bcrianto-mvc\index.php(16): Controller->handlePagina()
#4 {main}
19-01-2016 11:30:02 - [InvalidPropertyException] : m_aRechten in C:\xampp\htdocs\bcrianto-mvc\classes\Back-End\Persoon.class.php (153)
\t#0 C:\xampp\htdocs\bcrianto-mvc\classes\Gebruiker.class.php(198): Persoon->__get('m_aRechten')
#1 C:\xampp\htdocs\bcrianto-mvc\classes\Front-End\Scherm.class.php(55): Gebruiker->__get('m_aRechten')
#2 C:\xampp\htdocs\bcrianto-mvc\classes\Front-End\ErrorScherm.class.php(21): Scherm->__construct('Webshop error', Array)
#3 C:\xampp\htdocs\bcrianto-mvc\classes\Front-End\SchermGenerator.class.php(137): ErrorScherm->__construct()
#4 C:\xampp\htdocs\bcrianto-mvc\classes\Front-End\InlogScherm.class.php(36): SchermGenerator::genereerSchermObject(50)
#5 C:\xampp\htdocs\bcrianto-mvc\classes\Controller.class.php(65): InlogScherm->handlePagina()
#6 C:\xampp\htdocs\bcrianto-mvc\index.php(16): Controller->handlePagina()
#7 {main}
19-01-2016 11:36:32 - [InvalidPropertyException] : m_aRechten in C:\xampp\htdocs\bcrianto-mvc\classes\Back-End\Persoon.class.php (153)
\t#0 C:\xampp\htdocs\bcrianto-mvc\classes\Gebruiker.class.php(198): Persoon->__get('m_aRechten')
#1 C:\xampp\htdocs\bcrianto-mvc\classes\Front-End\Scherm.class.php(55): Gebruiker->__get('m_aRechten')
#2 C:\xampp\htdocs\bcrianto-mvc\classes\Front-End\ErrorScherm.class.php(21): Scherm->__construct('Webshop error', Array)
#3 C:\xampp\htdocs\bcrianto-mvc\classes\Front-End\SchermGenerator.class.php(137): ErrorScherm->__construct()
#4 C:\xampp\htdocs\bcrianto-mvc\classes\Front-End\InlogScherm.class.php(36): SchermGenerator::genereerSchermObject(50)
#5 C:\xampp\htdocs\bcrianto-mvc\classes\Controller.class.php(65): InlogScherm->handlePagina()
#6 C:\xampp\htdocs\bcrianto-mvc\index.php(16): Controller->handlePagina()
#7 {main}
19-01-2016 11:38:44 - [InvalidPropertyException] : m_aRechten in C:\xampp\htdocs\bcrianto-mvc\classes\Back-End\Persoon.class.php (153)
\t#0 C:\xampp\htdocs\bcrianto-mvc\classes\Gebruiker.class.php(198): Persoon->__get('m_aRechten')
#1 C:\xampp\htdocs\bcrianto-mvc\classes\Front-End\Scherm.class.php(65): Gebruiker->__get('m_aRechten')
#2 C:\xampp\htdocs\bcrianto-mvc\classes\Front-End\ErrorScherm.class.php(21): Scherm->__construct('Webshop error', Array)
#3 C:\xampp\htdocs\bcrianto-mvc\classes\Front-End\SchermGenerator.class.php(137): ErrorScherm->__construct()
#4 C:\xampp\htdocs\bcrianto-mvc\classes\Controller.class.php(61): SchermGenerator::genereerSchermObject(0)
#5 C:\xampp\htdocs\bcrianto-mvc\index.php(16): Controller->handlePagina()
#6 {main}
19-01-2016 11:40:56 - [InvalidPropertyException] : m_aRechten in C:\xampp\htdocs\bcrianto-mvc\classes\Back-End\Persoon.class.php (153)
\t#0 C:\xampp\htdocs\bcrianto-mvc\classes\Gebruiker.class.php(198): Persoon->__get('m_aRechten')
#1 C:\xampp\htdocs\bcrianto-mvc\classes\Front-End\Scherm.class.php(65): Gebruiker->__get('m_aRechten')
#2 C:\xampp\htdocs\bcrianto-mvc\classes\Front-End\ErrorScherm.class.php(21): Scherm->__construct('Webshop error', Array)
#3 C:\xampp\htdocs\bcrianto-mvc\classes\Front-End\SchermGenerator.class.php(137): ErrorScherm->__construct()
#4 C:\xampp\htdocs\bcrianto-mvc\classes\Controller.class.php(61): SchermGenerator::genereerSchermObject(0)
#5 C:\xampp\htdocs\bcrianto-mvc\index.php(16): Controller->handlePagina()
#6 {main}
19-01-2016 11:41:37 - [InvalidPropertyException] : m_aRechten in C:\xampp\htdocs\bcrianto-mvc\classes\Back-End\Persoon.class.php (153)
\t#0 C:\xampp\htdocs\bcrianto-mvc\classes\Gebruiker.class.php(198): Persoon->__get('m_aRechten')
#1 C:\xampp\htdocs\bcrianto-mvc\classes\Front-End\Scherm.class.php(65): Gebruiker->__get('m_aRechten')
#2 C:\xampp\htdocs\bcrianto-mvc\classes\Front-End\ErrorScherm.class.php(21): Scherm->__construct('Webshop error', Array)
#3 C:\xampp\htdocs\bcrianto-mvc\classes\Front-End\SchermGenerator.class.php(137): ErrorScherm->__construct()
#4 C:\xampp\htdocs\bcrianto-mvc\classes\Controller.class.php(61): SchermGenerator::genereerSchermObject(0)
#5 C:\xampp\htdocs\bcrianto-mvc\index.php(16): Controller->handlePagina()
#6 {main}
19-01-2016 11:41:56 - [InvalidPropertyException] : m_aRechten in C:\xampp\htdocs\bcrianto-mvc\classes\Back-End\Persoon.class.php (153)
\t#0 C:\xampp\htdocs\bcrianto-mvc\classes\Gebruiker.class.php(198): Persoon->__get('m_aRechten')
#1 C:\xampp\htdocs\bcrianto-mvc\classes\Front-End\Scherm.class.php(65): Gebruiker->__get('m_aRechten')
#2 C:\xampp\htdocs\bcrianto-mvc\classes\Front-End\ErrorScherm.class.php(21): Scherm->__construct('Webshop error', Array)
#3 C:\xampp\htdocs\bcrianto-mvc\classes\Front-End\SchermGenerator.class.php(137): ErrorScherm->__construct()
#4 C:\xampp\htdocs\bcrianto-mvc\classes\Controller.class.php(61): SchermGenerator::genereerSchermObject(0)
#5 C:\xampp\htdocs\bcrianto-mvc\index.php(16): Controller->handlePagina()
#6 {main}
19-01-2016 11:45:43 - [InvalidPropertyException] : m_aRechten in C:\xampp\htdocs\bcrianto-mvc\classes\Back-End\Persoon.class.php (153)
\t#0 C:\xampp\htdocs\bcrianto-mvc\classes\Gebruiker.class.php(198): Persoon->__get('m_aRechten')
#1 C:\xampp\htdocs\bcrianto-mvc\classes\Front-End\Scherm.class.php(65): Gebruiker->__get('m_aRechten')
#2 C:\xampp\htdocs\bcrianto-mvc\classes\Front-End\ErrorScherm.class.php(21): Scherm->__construct('Webshop error', Array)
#3 C:\xampp\htdocs\bcrianto-mvc\classes\Front-End\SchermGenerator.class.php(137): ErrorScherm->__construct()
#4 C:\xampp\htdocs\bcrianto-mvc\classes\Controller.class.php(61): SchermGenerator::genereerSchermObject(0)
#5 C:\xampp\htdocs\bcrianto-mvc\index.php(16): Controller->handlePagina()
#6 {main}
19-01-2016 11:49:55 - [InvalidPropertyException] : m_aRechten in C:\xampp\htdocs\bcrianto-mvc\classes\Back-End\Persoon.class.php (153)
\t#0 C:\xampp\htdocs\bcrianto-mvc\classes\Gebruiker.class.php(199): Persoon->__get('m_aRechten')
#1 C:\xampp\htdocs\bcrianto-mvc\classes\Front-End\Scherm.class.php(65): Gebruiker->__get('m_aRechten')
#2 C:\xampp\htdocs\bcrianto-mvc\classes\Front-End\ErrorScherm.class.php(21): Scherm->__construct('Webshop error', Array)
#3 C:\xampp\htdocs\bcrianto-mvc\classes\Front-End\SchermGenerator.class.php(137): ErrorScherm->__construct()
#4 C:\xampp\htdocs\bcrianto-mvc\classes\Controller.class.php(61): SchermGenerator::genereerSchermObject(0)
#5 C:\xampp\htdocs\bcrianto-mvc\index.php(16): Controller->handlePagina()
#6 {main}
19-01-2016 11:52:36 - [InvalidPropertyException] : m_aRechten in C:\xampp\htdocs\bcrianto-mvc\classes\Back-End\Persoon.class.php (153)
\t#0 C:\xampp\htdocs\bcrianto-mvc\classes\Gebruiker.class.php(199): Persoon->__get('m_aRechten')
#1 C:\xampp\htdocs\bcrianto-mvc\classes\Front-End\Scherm.class.php(65): Gebruiker->__get('m_aRechten')
#2 C:\xampp\htdocs\bcrianto-mvc\classes\Front-End\ErrorScherm.class.php(21): Scherm->__construct('Webshop error', Array)
#3 C:\xampp\htdocs\bcrianto-mvc\classes\Front-End\SchermGenerator.class.php(137): ErrorScherm->__construct()
#4 C:\xampp\htdocs\bcrianto-mvc\classes\Controller.class.php(61): SchermGenerator::genereerSchermObject(0)
#5 C:\xampp\htdocs\bcrianto-mvc\index.php(16): Controller->handlePagina()
#6 {main}
19-01-2016 11:52:54 - [InvalidPropertyException] : m_aRechten in C:\xampp\htdocs\bcrianto-mvc\classes\Back-End\Persoon.class.php (153)
\t#0 C:\xampp\htdocs\bcrianto-mvc\classes\Gebruiker.class.php(199): Persoon->__get('m_aRechten')
#1 C:\xampp\htdocs\bcrianto-mvc\classes\Front-End\Scherm.class.php(65): Gebruiker->__get('m_aRechten')
#2 C:\xampp\htdocs\bcrianto-mvc\classes\Front-End\ErrorScherm.class.php(21): Scherm->__construct('Webshop error', Array)
#3 C:\xampp\htdocs\bcrianto-mvc\classes\Front-End\SchermGenerator.class.php(137): ErrorScherm->__construct()
#4 C:\xampp\htdocs\bcrianto-mvc\classes\Controller.class.php(61): SchermGenerator::genereerSchermObject(0)
#5 C:\xampp\htdocs\bcrianto-mvc\index.php(16): Controller->handlePagina()
#6 {main}
19-01-2016 11:55:33 - [InvalidPropertyException] : m_aRechten in C:\xampp\htdocs\bcrianto-mvc\classes\Back-End\Persoon.class.php (153)
\t#0 C:\xampp\htdocs\bcrianto-mvc\classes\Gebruiker.class.php(198): Persoon->__get('m_aRechten')
#1 C:\xampp\htdocs\bcrianto-mvc\classes\Front-End\Scherm.class.php(67): Gebruiker->__get('m_aRechten')
#2 C:\xampp\htdocs\bcrianto-mvc\classes\Front-End\ErrorScherm.class.php(21): Scherm->__construct('Webshop error', Array)
#3 C:\xampp\htdocs\bcrianto-mvc\classes\Front-End\SchermGenerator.class.php(138): ErrorScherm->__construct()
#4 C:\xampp\htdocs\bcrianto-mvc\classes\Controller.class.php(61): SchermGenerator::genereerSchermObject(0)
#5 C:\xampp\htdocs\bcrianto-mvc\index.php(16): Controller->handlePagina()
#6 {main}
19-01-2016 11:57:02 - [InvalidPropertyException] : m_aRechten in C:\xampp\htdocs\bcrianto-mvc\classes\Back-End\Persoon.class.php (153)
\t#0 C:\xampp\htdocs\bcrianto-mvc\classes\Gebruiker.class.php(198): Persoon->__get('m_aRechten')
#1 C:\xampp\htdocs\bcrianto-mvc\classes\Front-End\Scherm.class.php(67): Gebruiker->__get('m_aRechten')
#2 C:\xampp\htdocs\bcrianto-mvc\classes\Front-End\ErrorScherm.class.php(21): Scherm->__construct('Webshop error', Array)
#3 C:\xampp\htdocs\bcrianto-mvc\classes\Front-End\SchermGenerator.class.php(138): ErrorScherm->__construct()
#4 C:\xampp\htdocs\bcrianto-mvc\classes\Controller.class.php(61): SchermGenerator::genereerSchermObject(0)
#5 C:\xampp\htdocs\bcrianto-mvc\index.php(16): Controller->handlePagina()
#6 {main}
19-01-2016 11:57:06 - [InvalidPropertyException] : m_aRechten in C:\xampp\htdocs\bcrianto-mvc\classes\Back-End\Persoon.class.php (153)
\t#0 C:\xampp\htdocs\bcrianto-mvc\classes\Gebruiker.class.php(198): Persoon->__get('m_aRechten')
#1 C:\xampp\htdocs\bcrianto-mvc\classes\Front-End\Scherm.class.php(67): Gebruiker->__get('m_aRechten')
#2 C:\xampp\htdocs\bcrianto-mvc\classes\Front-End\ErrorScherm.class.php(21): Scherm->__construct('Webshop error', Array)
#3 C:\xampp\htdocs\bcrianto-mvc\classes\Front-End\SchermGenerator.class.php(138): ErrorScherm->__construct()
#4 C:\xampp\htdocs\bcrianto-mvc\classes\Controller.class.php(61): SchermGenerator::genereerSchermObject(0)
#5 C:\xampp\htdocs\bcrianto-mvc\index.php(16): Controller->handlePagina()
#6 {main}
19-01-2016 11:59:54 - [InvalidPropertyException] : m_aRechten in C:\xampp\htdocs\bcrianto-mvc\classes\Back-End\Persoon.class.php (153)
\t#0 C:\xampp\htdocs\bcrianto-mvc\classes\Gebruiker.class.php(198): Persoon->__get('m_aRechten')
#1 C:\xampp\htdocs\bcrianto-mvc\classes\Front-End\Scherm.class.php(57): Gebruiker->__get('m_aRechten')
#2 C:\xampp\htdocs\bcrianto-mvc\classes\Front-End\ErrorScherm.class.php(21): Scherm->__construct('Webshop error', Array)
#3 C:\xampp\htdocs\bcrianto-mvc\classes\Front-End\SchermGenerator.class.php(138): ErrorScherm->__construct()
#4 C:\xampp\htdocs\bcrianto-mvc\classes\Front-End\InlogScherm.class.php(36): SchermGenerator::genereerSchermObject(50)
#5 C:\xampp\htdocs\bcrianto-mvc\classes\Controller.class.php(65): InlogScherm->handlePagina()
#6 C:\xampp\htdocs\bcrianto-mvc\index.php(16): Controller->handlePagina()
#7 {main}
19-01-2016 13:20:30 - [InvalidTypeException] : Ongeldige pagina in C:\xampp\htdocs\bcrianto-mvc\classes\Front-End\SchermGenerator.class.php (184)
\t#0 C:\xampp\htdocs\bcrianto-mvc\classes\Front-End\BeheerScherm.class.php(32): SchermGenerator::genereerLink(7, 2, 4, 1)
#1 C:\xampp\htdocs\bcrianto-mvc\classes\Controller.class.php(67): BeheerScherm->bouwScherm()
#2 C:\xampp\htdocs\bcrianto-mvc\index.php(16): Controller->handlePagina()
#3 {main}
19-01-2016 13:23:54 - [InvalidTypeException] : Ongeldige pagina in C:\xampp\htdocs\bcrianto-mvc\classes\Front-End\SchermGenerator.class.php (184)
\t#0 C:\xampp\htdocs\bcrianto-mvc\classes\Front-End\BeheerScherm.class.php(32): SchermGenerator::genereerLink(7, 2, 4, 1)
#1 C:\xampp\htdocs\bcrianto-mvc\classes\Controller.class.php(67): BeheerScherm->bouwScherm()
#2 C:\xampp\htdocs\bcrianto-mvc\index.php(16): Controller->handlePagina()
#3 {main}
19-01-2016 13:27:02 - [InvalidTypeException] : Ongeldige pagina in C:\xampp\htdocs\bcrianto-mvc\classes\Front-End\SchermGenerator.class.php (184)
\t#0 C:\xampp\htdocs\bcrianto-mvc\classes\Front-End\BeheerScherm.class.php(32): SchermGenerator::genereerLink(7, 2, 4, 1)
#1 C:\xampp\htdocs\bcrianto-mvc\classes\Controller.class.php(67): BeheerScherm->bouwScherm()
#2 C:\xampp\htdocs\bcrianto-mvc\index.php(16): Controller->handlePagina()
#3 {main}
19-01-2016 13:29:39 - [InvalidTypeException] : Ongeldige pagina in C:\xampp\htdocs\bcrianto-mvc\classes\Front-End\SchermGenerator.class.php (184)
\t#0 C:\xampp\htdocs\bcrianto-mvc\classes\Front-End\BeheerScherm.class.php(32): SchermGenerator::genereerLink(7, 2, 4, 1)
#1 C:\xampp\htdocs\bcrianto-mvc\classes\Controller.class.php(67): BeheerScherm->bouwScherm()
#2 C:\xampp\htdocs\bcrianto-mvc\index.php(16): Controller->handlePagina()
#3 {main}
19-01-2016 13:33:28 - [InvalidTypeException] : Ongeldige pagina in C:\xampp\htdocs\bcrianto-mvc\classes\Front-End\SchermGenerator.class.php (184)
\t#0 C:\xampp\htdocs\bcrianto-mvc\classes\Front-End\BeheerScherm.class.php(32): SchermGenerator::genereerLink(7, 2, 4, 1)
#1 C:\xampp\htdocs\bcrianto-mvc\classes\Controller.class.php(67): BeheerScherm->bouwScherm()
#2 C:\xampp\htdocs\bcrianto-mvc\index.php(16): Controller->handlePagina()
#3 {main}
19-01-2016 13:36:35 - [InvalidTypeException] : Ongeldige pagina in C:\xampp\htdocs\bcrianto-mvc\classes\Front-End\SchermGenerator.class.php (184)
\t#0 C:\xampp\htdocs\bcrianto-mvc\classes\Front-End\BeheerScherm.class.php(32): SchermGenerator::genereerLink(7, 2, 4, 1)
#1 C:\xampp\htdocs\bcrianto-mvc\classes\Controller.class.php(67): BeheerScherm->bouwScherm()
#2 C:\xampp\htdocs\bcrianto-mvc\index.php(16): Controller->handlePagina()
#3 {main}
19-01-2016 13:43:23 - [InvalidTypeException] : Ongeldige pagina in C:\xampp\htdocs\bcrianto-mvc\classes\Front-End\SchermGenerator.class.php (184)
\t#0 C:\xampp\htdocs\bcrianto-mvc\classes\Front-End\BeheerScherm.class.php(32): SchermGenerator::genereerLink(7, 2, 4, 1)
#1 C:\xampp\htdocs\bcrianto-mvc\classes\Controller.class.php(67): BeheerScherm->bouwScherm()
#2 C:\xampp\htdocs\bcrianto-mvc\index.php(16): Controller->handlePagina()
#3 {main}
19-01-2016 13:45:17 - [InvalidTypeException] : Ongeldige pagina in C:\xampp\htdocs\bcrianto-mvc\classes\Front-End\SchermGenerator.class.php (184)
\t#0 C:\xampp\htdocs\bcrianto-mvc\classes\Front-End\BeheerScherm.class.php(32): SchermGenerator::genereerLink(7, 2, 4, 1)
#1 C:\xampp\htdocs\bcrianto-mvc\classes\Controller.class.php(67): BeheerScherm->bouwScherm()
#2 C:\xampp\htdocs\bcrianto-mvc\index.php(16): Controller->handlePagina()
#3 {main}
19-01-2016 14:11:18 - [InvalidTypeException] : Ongeldige pagina in C:\xampp\htdocs\bcrianto-mvc\classes\Front-End\SchermGenerator.class.php (184)
\t#0 C:\xampp\htdocs\bcrianto-mvc\classes\Front-End\BeheerScherm.class.php(32): SchermGenerator::genereerLink(7, 2, 4, 1)
#1 C:\xampp\htdocs\bcrianto-mvc\classes\Controller.class.php(67): BeheerScherm->bouwScherm()
#2 C:\xampp\htdocs\bcrianto-mvc\index.php(16): Controller->handlePagina()
#3 {main}
19-01-2016 14:13:21 - [InvalidTypeException] : Ongeldige pagina in C:\xampp\htdocs\bcrianto-mvc\classes\Front-End\SchermGenerator.class.php (184)
\t#0 C:\xampp\htdocs\bcrianto-mvc\classes\Front-End\BeheerScherm.class.php(32): SchermGenerator::genereerLink(7, 2, 4, 1)
#1 C:\xampp\htdocs\bcrianto-mvc\classes\Controller.class.php(67): BeheerScherm->bouwScherm()
#2 C:\xampp\htdocs\bcrianto-mvc\index.php(16): Controller->handlePagina()
#3 {main}
19-01-2016 14:21:41 - [InvalidTypeException] : Ongeldige pagina in C:\xampp\htdocs\bcrianto-mvc\classes\Front-End\SchermGenerator.class.php (184)
\t#0 C:\xampp\htdocs\bcrianto-mvc\classes\Front-End\BeheerScherm.class.php(32): SchermGenerator::genereerLink(7, 2, 4, 1)
#1 C:\xampp\htdocs\bcrianto-mvc\classes\Controller.class.php(67): BeheerScherm->bouwScherm()
#2 C:\xampp\htdocs\bcrianto-mvc\index.php(16): Controller->handlePagina()
#3 {main}
19-01-2016 14:24:11 - [InvalidTypeException] : Ongeldige pagina in C:\xampp\htdocs\bcrianto-mvc\classes\Front-End\SchermGenerator.class.php (184)
\t#0 C:\xampp\htdocs\bcrianto-mvc\classes\Front-End\BeheerScherm.class.php(34): SchermGenerator::genereerLink(7, 2, 4, 1)
#1 C:\xampp\htdocs\bcrianto-mvc\classes\Controller.class.php(67): BeheerScherm->bouwScherm()
#2 C:\xampp\htdocs\bcrianto-mvc\index.php(16): Controller->handlePagina()
#3 {main}
19-01-2016 14:25:23 - [InvalidTypeException] : Ongeldige pagina in C:\xampp\htdocs\bcrianto-mvc\classes\Front-End\SchermGenerator.class.php (184)
\t#0 C:\xampp\htdocs\bcrianto-mvc\classes\Front-End\BeheerScherm.class.php(34): SchermGenerator::genereerLink(7, 2, 4, 1)
#1 C:\xampp\htdocs\bcrianto-mvc\classes\Controller.class.php(67): BeheerScherm->bouwScherm()
#2 C:\xampp\htdocs\bcrianto-mvc\index.php(16): Controller->handlePagina()
#3 {main}
19-01-2016 14:29:37 - [InvalidTypeException] : Ongeldige pagina in C:\xampp\htdocs\bcrianto-mvc\classes\Front-End\SchermGenerator.class.php (184)
\t#0 C:\xampp\htdocs\bcrianto-mvc\classes\Front-End\BeheerScherm.class.php(35): SchermGenerator::genereerLink(7, 2, 4, 0, 1)
#1 C:\xampp\htdocs\bcrianto-mvc\classes\Controller.class.php(67): BeheerScherm->bouwScherm()
#2 C:\xampp\htdocs\bcrianto-mvc\index.php(16): Controller->handlePagina()
#3 {main}
19-01-2016 14:31:19 - [InvalidTypeException] : Ongeldige pagina in C:\xampp\htdocs\bcrianto-mvc\classes\Front-End\SchermGenerator.class.php (184)
\t#0 C:\xampp\htdocs\bcrianto-mvc\classes\Front-End\BeheerScherm.class.php(31): SchermGenerator::genereerLink(2)
#1 C:\xampp\htdocs\bcrianto-mvc\classes\Controller.class.php(67): BeheerScherm->bouwScherm()
#2 C:\xampp\htdocs\bcrianto-mvc\index.php(16): Controller->handlePagina()
#3 {main}
